[32m2024-12-01 17:23:42.970[0m | [1mINFO    [0m | [36m__main__[0m:[36m<module>[0m:[36m51[0m - [1mStarting app...[0m
[32m2024-12-01 17:23:48.770[0m | [1mINFO    [0m | [36m__main__[0m:[36m<module>[0m:[36m51[0m - [1mStarting app...[0m
[32m2024-12-01 17:24:41.620[0m | [1mINFO    [0m | [36m__main__[0m:[36mupload[0m:[36m36[0m - [1mFile: tive razao bass solo [bass].mp3[0m
[32m2024-12-01 17:24:58.190[0m | [1mINFO    [0m | [36mservices.audio_service[0m:[36m__init__[0m:[36m12[0m - [1mValidating file 'uploads/tive razao bass solo [bass].mp3'[0m
[32m2024-12-01 17:25:08.218[0m | [1mINFO    [0m | [36mservices.audio_service[0m:[36mcheck_audio_loudness[0m:[36m22[0m - [1mChecking loudness of file 'uploads/tive razao bass solo [bass].mp3'.[0m
[32m2024-12-01 17:25:40.133[0m | [1mINFO    [0m | [36m__main__[0m:[36mupload[0m:[36m36[0m - [1mFile: tive razao bass solo [bass].mp3[0m
[32m2024-12-01 17:25:40.878[0m | [1mINFO    [0m | [36mservices.audio_service[0m:[36m__init__[0m:[36m12[0m - [1mValidating file 'uploads/tive razao bass solo [bass].mp3'[0m
[32m2024-12-01 17:25:42.313[0m | [1mINFO    [0m | [36mservices.audio_service[0m:[36mcheck_audio_loudness[0m:[36m22[0m - [1mChecking loudness of file 'uploads/tive razao bass solo [bass].mp3'.[0m
[32m2024-12-01 17:26:45.394[0m | [1mINFO    [0m | [36m__main__[0m:[36mupload[0m:[36m36[0m - [1mFile: tive razao bass solo [bass].mp3[0m
[32m2024-12-01 17:26:45.395[0m | [1mINFO    [0m | [36mservices.audio_service[0m:[36m__init__[0m:[36m12[0m - [1mValidating file 'uploads/tive razao bass solo [bass].mp3'[0m
[32m2024-12-01 17:26:45.395[0m | [1mINFO    [0m | [36mservices.audio_service[0m:[36mcheck_audio_loudness[0m:[36m22[0m - [1mChecking loudness of file 'uploads/tive razao bass solo [bass].mp3'.[0m
[32m2024-12-01 17:27:45.409[0m | [1mINFO    [0m | [36m__main__[0m:[36m<module>[0m:[36m51[0m - [1mStarting app...[0m
[32m2024-12-01 17:27:46.707[0m | [1mINFO    [0m | [36m__main__[0m:[36m<module>[0m:[36m51[0m - [1mStarting app...[0m
[32m2024-12-01 17:27:58.734[0m | [1mINFO    [0m | [36m__main__[0m:[36mupload[0m:[36m36[0m - [1mFile: tive razao bass solo [bass].mp3[0m
[32m2024-12-01 17:28:23.406[0m | [1mINFO    [0m | [36mservices.audio_service[0m:[36m__init__[0m:[36m12[0m - [1mValidating file 'uploads/tive razao bass solo [bass].mp3'[0m
[32m2024-12-01 17:28:42.978[0m | [1mINFO    [0m | [36mservices.audio_service[0m:[36mcheck_audio_loudness[0m:[36m22[0m - [1mChecking loudness of file 'uploads/tive razao bass solo [bass].mp3'.[0m
[32m2024-12-01 17:29:16.646[0m | [1mINFO    [0m | [36m__main__[0m:[36m<module>[0m:[36m51[0m - [1mStarting app...[0m
[32m2024-12-01 17:29:16.934[0m | [1mINFO    [0m | [36m__main__[0m:[36m<module>[0m:[36m51[0m - [1mStarting app...[0m
[32m2024-12-01 17:29:22.891[0m | [1mINFO    [0m | [36m__main__[0m:[36mupload[0m:[36m36[0m - [1mFile: tive razao bass solo [bass].mp3[0m
[32m2024-12-01 17:29:22.892[0m | [1mINFO    [0m | [36mservices.audio_service[0m:[36m__init__[0m:[36m12[0m - [1mValidating file 'uploads/tive razao bass solo [bass].mp3'[0m
[32m2024-12-01 17:29:22.892[0m | [1mINFO    [0m | [36mservices.audio_service[0m:[36mcheck_audio_loudness[0m:[36m22[0m - [1mChecking loudness of file 'uploads/tive razao bass solo [bass].mp3'.[0m
[32m2024-12-01 17:29:31.695[0m | [1mINFO    [0m | [36m__main__[0m:[36mupload[0m:[36m36[0m - [1mFile: tive razao bass solo [bass].mp3[0m
[32m2024-12-01 17:29:31.695[0m | [1mINFO    [0m | [36mservices.audio_service[0m:[36m__init__[0m:[36m12[0m - [1mValidating file 'uploads/tive razao bass solo [bass].mp3'[0m
[32m2024-12-01 17:29:31.696[0m | [1mINFO    [0m | [36mservices.audio_service[0m:[36mcheck_audio_loudness[0m:[36m22[0m - [1mChecking loudness of file 'uploads/tive razao bass solo [bass].mp3'.[0m
[32m2024-12-01 17:29:49.994[0m | [1mINFO    [0m | [36m__main__[0m:[36mupload[0m:[36m36[0m - [1mFile: tive razao bass solo-bass.mp3[0m
[32m2024-12-01 17:29:49.995[0m | [1mINFO    [0m | [36mservices.audio_service[0m:[36m__init__[0m:[36m12[0m - [1mValidating file 'uploads/tive razao bass solo-bass.mp3'[0m
[32m2024-12-01 17:29:49.995[0m | [1mINFO    [0m | [36mservices.audio_service[0m:[36mcheck_audio_loudness[0m:[36m22[0m - [1mChecking loudness of file 'uploads/tive razao bass solo-bass.mp3'.[0m
[32m2024-12-01 17:31:36.603[0m | [1mINFO    [0m | [36m__main__[0m:[36m<module>[0m:[36m52[0m - [1mStarting app...[0m
[32m2024-12-01 17:31:43.051[0m | [1mINFO    [0m | [36m__main__[0m:[36m<module>[0m:[36m52[0m - [1mStarting app...[0m
[32m2024-12-01 17:31:56.635[0m | [1mINFO    [0m | [36m__main__[0m:[36mupload[0m:[36m36[0m - [1mFile: tive razao bass solo-bass.mp3[0m
[32m2024-12-01 17:31:56.636[0m | [1mINFO    [0m | [36mservices.audio_service[0m:[36m__init__[0m:[36m12[0m - [1mValidating file 'uploads/tive razao bass solo-bass.mp3'[0m
[32m2024-12-01 17:31:56.636[0m | [1mINFO    [0m | [36mservices.audio_service[0m:[36mcheck_audio_loudness[0m:[36m22[0m - [1mChecking loudness of file 'uploads/tive razao bass solo-bass.mp3'.[0m
[32m2024-12-01 17:31:56.876[0m | [31m[1mERROR   [0m | [36m__main__[0m:[36mupload[0m:[36m44[0m - [31m[1mError processing file: [Errno 2] No such file or directory: 'uploads/tive razao bass solo-bass.mp3'[0m
[32m2024-12-01 17:34:10.968[0m | [1mINFO    [0m | [36m__main__[0m:[36m<module>[0m:[36m52[0m - [1mStarting app...[0m
[32m2024-12-01 17:34:11.257[0m | [1mINFO    [0m | [36m__main__[0m:[36m<module>[0m:[36m52[0m - [1mStarting app...[0m
[32m2024-12-01 17:34:18.508[0m | [1mINFO    [0m | [36m__main__[0m:[36mupload[0m:[36m36[0m - [1mFile: tive razao bass solo-bass.mp3[0m
[32m2024-12-01 17:34:18.508[0m | [1mINFO    [0m | [36mservices.audio_service[0m:[36m__init__[0m:[36m12[0m - [1mValidating file 'uploads/tive razao bass solo-bass.mp3'[0m
[32m2024-12-01 17:34:18.509[0m | [1mINFO    [0m | [36mservices.audio_service[0m:[36mcheck_audio_loudness[0m:[36m22[0m - [1mChecking loudness of file 'uploads/tive razao bass solo-bass.mp3'.[0m
[32m2024-12-01 17:34:18.748[0m | [31m[1mERROR   [0m | [36m__main__[0m:[36mupload[0m:[36m44[0m - [31m[1mError processing file: [Errno 2] No such file or directory: 'uploads/tive razao bass solo-bass.mp3'[0m
[33m[1mTraceback (most recent call last):[0m

  File "/Users/mgalletti/coding/my-bass-tab-transcriber/.venv/lib/python3.12/site-packages/librosa/core/audio.py", line 176, in load
    y, sr_native = __soundfile_load(path, offset, duration, dtype)
                   â”‚                â”‚     â”‚       â”‚         â”” <class 'numpy.float32'>
                   â”‚                â”‚     â”‚       â”” None
                   â”‚                â”‚     â”” 0.0
                   â”‚                â”” 'uploads/tive razao bass solo-bass.mp3'
                   â”” <function __soundfile_load at 0x10c950f40>
  File "/Users/mgalletti/coding/my-bass-tab-transcriber/.venv/lib/python3.12/site-packages/librosa/core/audio.py", line 209, in __soundfile_load
    context = sf.SoundFile(path)
              â”‚  â”‚         â”” 'uploads/tive razao bass solo-bass.mp3'
              â”‚  â”” <class 'soundfile.SoundFile'>
              â”” <module 'soundfile' from '/Users/mgalletti/coding/my-bass-tab-transcriber/.venv/lib/python3.12/site-packages/soundfile.py'>
  File "/Users/mgalletti/coding/my-bass-tab-transcriber/.venv/lib/python3.12/site-packages/soundfile.py", line 658, in __init__
    self._file = self._open(file, mode_int, closefd)
    â”‚    â”‚       â”‚    â”‚     â”‚     â”‚         â”” True
    â”‚    â”‚       â”‚    â”‚     â”‚     â”” 16
    â”‚    â”‚       â”‚    â”‚     â”” 'uploads/tive razao bass solo-bass.mp3'
    â”‚    â”‚       â”‚    â”” <function SoundFile._open at 0x10adb9300>
    â”‚    â”‚       â”” SoundFile('uploads/tive razao bass solo-bass.mp3', mode='r', samplerate=0, channels=0, format='FILE', subtype='FILE', endian=...
    â”‚    â”” None
    â”” SoundFile('uploads/tive razao bass solo-bass.mp3', mode='r', samplerate=0, channels=0, format='FILE', subtype='FILE', endian=...
  File "/Users/mgalletti/coding/my-bass-tab-transcriber/.venv/lib/python3.12/site-packages/soundfile.py", line 1216, in _open
    raise LibsndfileError(err, prefix="Error opening {0!r}: ".format(self.name))
          â”‚               â”‚                                          â”‚    â”” <property object at 0x10adb2de0>
          â”‚               â”‚                                          â”” SoundFile('uploads/tive razao bass solo-bass.mp3', mode='r', samplerate=0, channels=0, format='FILE', subtype='FILE', endian=...
          â”‚               â”” 2
          â”” <class 'soundfile.LibsndfileError'>

[31m[1msoundfile.LibsndfileError[0m:[1m Error opening 'uploads/tive razao bass solo-bass.mp3': System error.[0m


[1mDuring handling of the above exception, another exception occurred:[0m


[33m[1mTraceback (most recent call last):[0m

  File "/Library/Frameworks/Python.framework/Versions/3.12/lib/python3.12/threading.py", line 1032, in _bootstrap
    self._bootstrap_inner()
    â”‚    â”” <function Thread._bootstrap_inner at 0x104cdbba0>
    â”” <Thread(Thread-2 (process_request_thread), started daemon 6128168960)>
  File "/Library/Frameworks/Python.framework/Versions/3.12/lib/python3.12/threading.py", line 1075, in _bootstrap_inner
    self.run()
    â”‚    â”” <function Thread.run at 0x104cdb880>
    â”” <Thread(Thread-2 (process_request_thread), started daemon 6128168960)>
  File "/Library/Frameworks/Python.framework/Versions/3.12/lib/python3.12/threading.py", line 1012, in run
    self._target(*self._args, **self._kwargs)
    â”‚    â”‚        â”‚    â”‚        â”‚    â”” {}
    â”‚    â”‚        â”‚    â”‚        â”” <Thread(Thread-2 (process_request_thread), started daemon 6128168960)>
    â”‚    â”‚        â”‚    â”” (<socket.socket fd=11, family=2, type=1, proto=0, laddr=('127.0.0.1', 5000), raddr=('127.0.0.1', 53721)>, ('127.0.0.1', 53721))
    â”‚    â”‚        â”” <Thread(Thread-2 (process_request_thread), started daemon 6128168960)>
    â”‚    â”” <bound method ThreadingMixIn.process_request_thread of <werkzeug.serving.ThreadedWSGIServer object at 0x107c48ec0>>
    â”” <Thread(Thread-2 (process_request_thread), started daemon 6128168960)>
  File "/Library/Frameworks/Python.framework/Versions/3.12/lib/python3.12/socketserver.py", line 692, in process_request_thread
    self.finish_request(request, client_address)
    â”‚    â”‚              â”‚        â”” ('127.0.0.1', 53721)
    â”‚    â”‚              â”” <socket.socket fd=11, family=2, type=1, proto=0, laddr=('127.0.0.1', 5000), raddr=('127.0.0.1', 53721)>
    â”‚    â”” <function BaseServer.finish_request at 0x1055571a0>
    â”” <werkzeug.serving.ThreadedWSGIServer object at 0x107c48ec0>
  File "/Library/Frameworks/Python.framework/Versions/3.12/lib/python3.12/socketserver.py", line 362, in finish_request
    self.RequestHandlerClass(request, client_address, self)
    â”‚    â”‚                   â”‚        â”‚               â”” <werkzeug.serving.ThreadedWSGIServer object at 0x107c48ec0>
    â”‚    â”‚                   â”‚        â”” ('127.0.0.1', 53721)
    â”‚    â”‚                   â”” <socket.socket fd=11, family=2, type=1, proto=0, laddr=('127.0.0.1', 5000), raddr=('127.0.0.1', 53721)>
    â”‚    â”” <class 'werkzeug.serving.WSGIRequestHandler'>
    â”” <werkzeug.serving.ThreadedWSGIServer object at 0x107c48ec0>
  File "/Library/Frameworks/Python.framework/Versions/3.12/lib/python3.12/socketserver.py", line 761, in __init__
    self.handle()
    â”‚    â”” <function WSGIRequestHandler.handle at 0x10580f740>
    â”” <werkzeug.serving.WSGIRequestHandler object at 0x10ad47d40>
  File "/Users/mgalletti/coding/my-bass-tab-transcriber/.venv/lib/python3.12/site-packages/werkzeug/serving.py", line 398, in handle
    super().handle()
  File "/Library/Frameworks/Python.framework/Versions/3.12/lib/python3.12/http/server.py", line 436, in handle
    self.handle_one_request()
    â”‚    â”” <function BaseHTTPRequestHandler.handle_one_request at 0x1056d37e0>
    â”” <werkzeug.serving.WSGIRequestHandler object at 0x10ad47d40>
  File "/Library/Frameworks/Python.framework/Versions/3.12/lib/python3.12/http/server.py", line 424, in handle_one_request
    method()
    â”” <bound method WSGIRequestHandler.run_wsgi of <werkzeug.serving.WSGIRequestHandler object at 0x10ad47d40>>
  File "/Users/mgalletti/coding/my-bass-tab-transcriber/.venv/lib/python3.12/site-packages/werkzeug/serving.py", line 370, in run_wsgi
    execute(self.server.app)
    â”‚       â”‚    â”‚      â”” <werkzeug.debug.DebuggedApplication object at 0x1072598b0>
    â”‚       â”‚    â”” <werkzeug.serving.ThreadedWSGIServer object at 0x107c48ec0>
    â”‚       â”” <werkzeug.serving.WSGIRequestHandler object at 0x10ad47d40>
    â”” <function WSGIRequestHandler.run_wsgi.<locals>.execute at 0x10ad719e0>
  File "/Users/mgalletti/coding/my-bass-tab-transcriber/.venv/lib/python3.12/site-packages/werkzeug/serving.py", line 333, in execute
    for data in application_iter:
                â”” <generator object DebuggedApplication.debug_application at 0x10ac9a3e0>
  File "/Users/mgalletti/coding/my-bass-tab-transcriber/.venv/lib/python3.12/site-packages/werkzeug/debug/__init__.py", line 343, in debug_application
    app_iter = self.app(environ, start_response)
               â”‚    â”‚   â”‚        â”” <function WSGIRequestHandler.run_wsgi.<locals>.start_response at 0x10ad71940>
               â”‚    â”‚   â”” {'wsgi.version': (1, 0), 'wsgi.url_scheme': 'http', 'wsgi.input': <_io.BufferedReader name=11>, 'wsgi.errors': <_io.TextIOWra...
               â”‚    â”” <Flask 'app'>
               â”” <werkzeug.debug.DebuggedApplication object at 0x1072598b0>
  File "/Users/mgalletti/coding/my-bass-tab-transcriber/.venv/lib/python3.12/site-packages/flask/app.py", line 1536, in __call__
    return self.wsgi_app(environ, start_response)
           â”‚    â”‚        â”‚        â”” <function WSGIRequestHandler.run_wsgi.<locals>.start_response at 0x10ad71940>
           â”‚    â”‚        â”” {'wsgi.version': (1, 0), 'wsgi.url_scheme': 'http', 'wsgi.input': <_io.BufferedReader name=11>, 'wsgi.errors': <_io.TextIOWra...
           â”‚    â”” <function Flask.wsgi_app at 0x1069905e0>
           â”” <Flask 'app'>
  File "/Users/mgalletti/coding/my-bass-tab-transcriber/.venv/lib/python3.12/site-packages/flask/app.py", line 1511, in wsgi_app
    response = self.full_dispatch_request()
               â”‚    â”” <function Flask.full_dispatch_request at 0x10697bce0>
               â”” <Flask 'app'>
  File "/Users/mgalletti/coding/my-bass-tab-transcriber/.venv/lib/python3.12/site-packages/flask/app.py", line 917, in full_dispatch_request
    rv = self.dispatch_request()
         â”‚    â”” <function Flask.dispatch_request at 0x10697bc40>
         â”” <Flask 'app'>
  File "/Users/mgalletti/coding/my-bass-tab-transcriber/.venv/lib/python3.12/site-packages/flask/app.py", line 902, in dispatch_request
    return self.ensure_sync(self.view_functions[rule.endpoint])(**view_args)  # type: ignore[no-any-return]
           â”‚    â”‚           â”‚    â”‚              â”‚    â”‚            â”” {}
           â”‚    â”‚           â”‚    â”‚              â”‚    â”” 'upload'
           â”‚    â”‚           â”‚    â”‚              â”” <Rule '/upload' (HEAD, OPTIONS, POST, GET) -> upload>
           â”‚    â”‚           â”‚    â”” {'static': <function Flask.__init__.<locals>.<lambda> at 0x10acdcb80>, 'home': <function home at 0x10acdd4e0>, 'upload': <fun...
           â”‚    â”‚           â”” <Flask 'app'>
           â”‚    â”” <function Flask.ensure_sync at 0x10697bec0>
           â”” <Flask 'app'>

> File "[32m/Users/mgalletti/coding/my-bass-tab-transcriber/my_bass_tab_transcriber/[0m[32m[1mapp.py[0m", line [33m39[0m, in [35mupload[0m
    [1maudio_file_service[0m[35m[1m.[0m[1mcheck_audio_loudness[0m[1m([0m[1m)[0m
    [36mâ”‚                  â”” [0m[36m[1m<function AudioFileService.check_audio_loudness at 0x10acdca40>[0m
    [36mâ”” [0m[36m[1m<services.audio_service.AudioFileService object at 0x108b0e7b0>[0m

  File "[32m/Users/mgalletti/coding/my-bass-tab-transcriber/my_bass_tab_transcriber/services/[0m[32m[1maudio_service.py[0m", line [33m24[0m, in [35mcheck_audio_loudness[0m
    [1maudio[0m[1m,[0m [1m_[0m [35m[1m=[0m [1mlibrosa[0m[35m[1m.[0m[1mload[0m[1m([0m[1mself[0m[35m[1m.[0m[1maudio_file_path[0m[1m)[0m
    [36m           â”‚            â”‚    â”” [0m[36m[1m'uploads/tive razao bass solo-bass.mp3'[0m
    [36m           â”‚            â”” [0m[36m[1m<services.audio_service.AudioFileService object at 0x108b0e7b0>[0m
    [36m           â”” [0m[36m[1m<module 'librosa' from '/Users/mgalletti/coding/my-bass-tab-transcriber/.venv/lib/python3.12/site-packages/librosa/__init__.py'>[0m

  File "/Users/mgalletti/coding/my-bass-tab-transcriber/.venv/lib/python3.12/site-packages/librosa/core/audio.py", line 184, in load
    y, sr_native = __audioread_load(path, offset, duration, dtype)
                   â”‚                â”‚     â”‚       â”‚         â”” <class 'numpy.float32'>
                   â”‚                â”‚     â”‚       â”” None
                   â”‚                â”‚     â”” 0.0
                   â”‚                â”” 'uploads/tive razao bass solo-bass.mp3'
                   â”” <function __audioread_load at 0x10c951260>
  File "/Users/mgalletti/coding/my-bass-tab-transcriber/.venv/lib/python3.12/site-packages/decorator.py", line 232, in fun
    return caller(func, *(extras + args), **kw)
           â”‚      â”‚       â”‚        â”‚        â”” {}
           â”‚      â”‚       â”‚        â”” ('uploads/tive razao bass solo-bass.mp3', 0.0, None, <class 'numpy.float32'>)
           â”‚      â”‚       â”” ()
           â”‚      â”” <function __audioread_load at 0x10c951080>
           â”” <function deprecated.<locals>.__wrapper at 0x10c950fe0>
  File "/Users/mgalletti/coding/my-bass-tab-transcriber/.venv/lib/python3.12/site-packages/librosa/util/decorators.py", line 59, in __wrapper
    return func(*args, **kwargs)
           â”‚     â”‚       â”” {}
           â”‚     â”” ('uploads/tive razao bass solo-bass.mp3', 0.0, None, <class 'numpy.float32'>)
           â”” <function __audioread_load at 0x10c951080>
  File "/Users/mgalletti/coding/my-bass-tab-transcriber/.venv/lib/python3.12/site-packages/librosa/core/audio.py", line 240, in __audioread_load
    reader = audioread.audio_open(path)
             â”‚         â”‚          â”” 'uploads/tive razao bass solo-bass.mp3'
             â”‚         â”” <function audio_open at 0x10adbb600>
             â”” <module 'audioread' from '/Users/mgalletti/coding/my-bass-tab-transcriber/.venv/lib/python3.12/site-packages/audioread/__init...
  File "/Users/mgalletti/coding/my-bass-tab-transcriber/.venv/lib/python3.12/site-packages/audioread/__init__.py", line 127, in audio_open
    return BackendClass(path)
           â”‚            â”” 'uploads/tive razao bass solo-bass.mp3'
           â”” <class 'audioread.rawread.RawAudioFile'>
  File "/Users/mgalletti/coding/my-bass-tab-transcriber/.venv/lib/python3.12/site-packages/audioread/rawread.py", line 59, in __init__
    self._fh = open(filename, 'rb')
    â”‚               â”” 'uploads/tive razao bass solo-bass.mp3'
    â”” <audioread.rawread.RawAudioFile object at 0x11922de80>

[31m[1mFileNotFoundError[0m:[1m [Errno 2] No such file or directory: 'uploads/tive razao bass solo-bass.mp3'[0m
[32m2024-12-01 17:35:23.359[0m | [1mINFO    [0m | [36m__main__[0m:[36m<module>[0m:[36m52[0m - [1mStarting app...[0m
[32m2024-12-01 17:35:23.646[0m | [1mINFO    [0m | [36m__main__[0m:[36m<module>[0m:[36m52[0m - [1mStarting app...[0m
[32m2024-12-01 17:35:28.321[0m | [1mINFO    [0m | [36m__main__[0m:[36mupload[0m:[36m36[0m - [1mFile: tive razao bass solo-bass.mp3[0m
[32m2024-12-01 17:35:28.321[0m | [1mINFO    [0m | [36mservices.audio_service[0m:[36m__init__[0m:[36m12[0m - [1mValidating file 'my-bass-tab-transcriber-uploads/tive razao bass solo-bass.mp3'[0m
[32m2024-12-01 17:35:28.322[0m | [1mINFO    [0m | [36mservices.audio_service[0m:[36mcheck_audio_loudness[0m:[36m22[0m - [1mChecking loudness of file 'my-bass-tab-transcriber-uploads/tive razao bass solo-bass.mp3'.[0m
[32m2024-12-01 17:35:28.562[0m | [31m[1mERROR   [0m | [36m__main__[0m:[36mupload[0m:[36m44[0m - [31m[1mError processing file: [Errno 2] No such file or directory: 'my-bass-tab-transcriber-uploads/tive razao bass solo-bass.mp3'[0m
[33m[1mTraceback (most recent call last):[0m

  File "/Users/mgalletti/coding/my-bass-tab-transcriber/.venv/lib/python3.12/site-packages/librosa/core/audio.py", line 176, in load
    y, sr_native = __soundfile_load(path, offset, duration, dtype)
                   â”‚                â”‚     â”‚       â”‚         â”” <class 'numpy.float32'>
                   â”‚                â”‚     â”‚       â”” None
                   â”‚                â”‚     â”” 0.0
                   â”‚                â”” 'my-bass-tab-transcriber-uploads/tive razao bass solo-bass.mp3'
                   â”” <function __soundfile_load at 0x10c850f40>
  File "/Users/mgalletti/coding/my-bass-tab-transcriber/.venv/lib/python3.12/site-packages/librosa/core/audio.py", line 209, in __soundfile_load
    context = sf.SoundFile(path)
              â”‚  â”‚         â”” 'my-bass-tab-transcriber-uploads/tive razao bass solo-bass.mp3'
              â”‚  â”” <class 'soundfile.SoundFile'>
              â”” <module 'soundfile' from '/Users/mgalletti/coding/my-bass-tab-transcriber/.venv/lib/python3.12/site-packages/soundfile.py'>
  File "/Users/mgalletti/coding/my-bass-tab-transcriber/.venv/lib/python3.12/site-packages/soundfile.py", line 658, in __init__
    self._file = self._open(file, mode_int, closefd)
    â”‚    â”‚       â”‚    â”‚     â”‚     â”‚         â”” True
    â”‚    â”‚       â”‚    â”‚     â”‚     â”” 16
    â”‚    â”‚       â”‚    â”‚     â”” 'my-bass-tab-transcriber-uploads/tive razao bass solo-bass.mp3'
    â”‚    â”‚       â”‚    â”” <function SoundFile._open at 0x10a4f1300>
    â”‚    â”‚       â”” SoundFile('my-bass-tab-transcriber-uploads/tive razao bass solo-bass.mp3', mode='r', samplerate=0, channels=0, format='FILE',...
    â”‚    â”” None
    â”” SoundFile('my-bass-tab-transcriber-uploads/tive razao bass solo-bass.mp3', mode='r', samplerate=0, channels=0, format='FILE',...
  File "/Users/mgalletti/coding/my-bass-tab-transcriber/.venv/lib/python3.12/site-packages/soundfile.py", line 1216, in _open
    raise LibsndfileError(err, prefix="Error opening {0!r}: ".format(self.name))
          â”‚               â”‚                                          â”‚    â”” <property object at 0x10a4eaca0>
          â”‚               â”‚                                          â”” SoundFile('my-bass-tab-transcriber-uploads/tive razao bass solo-bass.mp3', mode='r', samplerate=0, channels=0, format='FILE',...
          â”‚               â”” 2
          â”” <class 'soundfile.LibsndfileError'>

[31m[1msoundfile.LibsndfileError[0m:[1m Error opening 'my-bass-tab-transcriber-uploads/tive razao bass solo-bass.mp3': System error.[0m


[1mDuring handling of the above exception, another exception occurred:[0m


[33m[1mTraceback (most recent call last):[0m

  File "/Library/Frameworks/Python.framework/Versions/3.12/lib/python3.12/threading.py", line 1032, in _bootstrap
    self._bootstrap_inner()
    â”‚    â”” <function Thread._bootstrap_inner at 0x104417ba0>
    â”” <Thread(Thread-2 (process_request_thread), started daemon 6137360384)>
  File "/Library/Frameworks/Python.framework/Versions/3.12/lib/python3.12/threading.py", line 1075, in _bootstrap_inner
    self.run()
    â”‚    â”” <function Thread.run at 0x104417880>
    â”” <Thread(Thread-2 (process_request_thread), started daemon 6137360384)>
  File "/Library/Frameworks/Python.framework/Versions/3.12/lib/python3.12/threading.py", line 1012, in run
    self._target(*self._args, **self._kwargs)
    â”‚    â”‚        â”‚    â”‚        â”‚    â”” {}
    â”‚    â”‚        â”‚    â”‚        â”” <Thread(Thread-2 (process_request_thread), started daemon 6137360384)>
    â”‚    â”‚        â”‚    â”” (<socket.socket fd=11, family=2, type=1, proto=0, laddr=('127.0.0.1', 5000), raddr=('127.0.0.1', 53728)>, ('127.0.0.1', 53728))
    â”‚    â”‚        â”” <Thread(Thread-2 (process_request_thread), started daemon 6137360384)>
    â”‚    â”” <bound method ThreadingMixIn.process_request_thread of <werkzeug.serving.ThreadedWSGIServer object at 0x10a209310>>
    â”” <Thread(Thread-2 (process_request_thread), started daemon 6137360384)>
  File "/Library/Frameworks/Python.framework/Versions/3.12/lib/python3.12/socketserver.py", line 692, in process_request_thread
    self.finish_request(request, client_address)
    â”‚    â”‚              â”‚        â”” ('127.0.0.1', 53728)
    â”‚    â”‚              â”” <socket.socket fd=11, family=2, type=1, proto=0, laddr=('127.0.0.1', 5000), raddr=('127.0.0.1', 53728)>
    â”‚    â”” <function BaseServer.finish_request at 0x104c931a0>
    â”” <werkzeug.serving.ThreadedWSGIServer object at 0x10a209310>
  File "/Library/Frameworks/Python.framework/Versions/3.12/lib/python3.12/socketserver.py", line 362, in finish_request
    self.RequestHandlerClass(request, client_address, self)
    â”‚    â”‚                   â”‚        â”‚               â”” <werkzeug.serving.ThreadedWSGIServer object at 0x10a209310>
    â”‚    â”‚                   â”‚        â”” ('127.0.0.1', 53728)
    â”‚    â”‚                   â”” <socket.socket fd=11, family=2, type=1, proto=0, laddr=('127.0.0.1', 5000), raddr=('127.0.0.1', 53728)>
    â”‚    â”” <class 'werkzeug.serving.WSGIRequestHandler'>
    â”” <werkzeug.serving.ThreadedWSGIServer object at 0x10a209310>
  File "/Library/Frameworks/Python.framework/Versions/3.12/lib/python3.12/socketserver.py", line 761, in __init__
    self.handle()
    â”‚    â”” <function WSGIRequestHandler.handle at 0x104f47740>
    â”” <werkzeug.serving.WSGIRequestHandler object at 0x10a47fbf0>
  File "/Users/mgalletti/coding/my-bass-tab-transcriber/.venv/lib/python3.12/site-packages/werkzeug/serving.py", line 398, in handle
    super().handle()
  File "/Library/Frameworks/Python.framework/Versions/3.12/lib/python3.12/http/server.py", line 436, in handle
    self.handle_one_request()
    â”‚    â”” <function BaseHTTPRequestHandler.handle_one_request at 0x104e0f7e0>
    â”” <werkzeug.serving.WSGIRequestHandler object at 0x10a47fbf0>
  File "/Library/Frameworks/Python.framework/Versions/3.12/lib/python3.12/http/server.py", line 424, in handle_one_request
    method()
    â”” <bound method WSGIRequestHandler.run_wsgi of <werkzeug.serving.WSGIRequestHandler object at 0x10a47fbf0>>
  File "/Users/mgalletti/coding/my-bass-tab-transcriber/.venv/lib/python3.12/site-packages/werkzeug/serving.py", line 370, in run_wsgi
    execute(self.server.app)
    â”‚       â”‚    â”‚      â”” <werkzeug.debug.DebuggedApplication object at 0x10a40b740>
    â”‚       â”‚    â”” <werkzeug.serving.ThreadedWSGIServer object at 0x10a209310>
    â”‚       â”” <werkzeug.serving.WSGIRequestHandler object at 0x10a47fbf0>
    â”” <function WSGIRequestHandler.run_wsgi.<locals>.execute at 0x10a4a99e0>
  File "/Users/mgalletti/coding/my-bass-tab-transcriber/.venv/lib/python3.12/site-packages/werkzeug/serving.py", line 333, in execute
    for data in application_iter:
                â”” <generator object DebuggedApplication.debug_application at 0x10a3d23e0>
  File "/Users/mgalletti/coding/my-bass-tab-transcriber/.venv/lib/python3.12/site-packages/werkzeug/debug/__init__.py", line 343, in debug_application
    app_iter = self.app(environ, start_response)
               â”‚    â”‚   â”‚        â”” <function WSGIRequestHandler.run_wsgi.<locals>.start_response at 0x10a4a9940>
               â”‚    â”‚   â”” {'wsgi.version': (1, 0), 'wsgi.url_scheme': 'http', 'wsgi.input': <_io.BufferedReader name=11>, 'wsgi.errors': <_io.TextIOWra...
               â”‚    â”” <Flask 'app'>
               â”” <werkzeug.debug.DebuggedApplication object at 0x10a40b740>
  File "/Users/mgalletti/coding/my-bass-tab-transcriber/.venv/lib/python3.12/site-packages/flask/app.py", line 1536, in __call__
    return self.wsgi_app(environ, start_response)
           â”‚    â”‚        â”‚        â”” <function WSGIRequestHandler.run_wsgi.<locals>.start_response at 0x10a4a9940>
           â”‚    â”‚        â”” {'wsgi.version': (1, 0), 'wsgi.url_scheme': 'http', 'wsgi.input': <_io.BufferedReader name=11>, 'wsgi.errors': <_io.TextIOWra...
           â”‚    â”” <function Flask.wsgi_app at 0x1060cc5e0>
           â”” <Flask 'app'>
  File "/Users/mgalletti/coding/my-bass-tab-transcriber/.venv/lib/python3.12/site-packages/flask/app.py", line 1511, in wsgi_app
    response = self.full_dispatch_request()
               â”‚    â”” <function Flask.full_dispatch_request at 0x1060b7ce0>
               â”” <Flask 'app'>
  File "/Users/mgalletti/coding/my-bass-tab-transcriber/.venv/lib/python3.12/site-packages/flask/app.py", line 917, in full_dispatch_request
    rv = self.dispatch_request()
         â”‚    â”” <function Flask.dispatch_request at 0x1060b7c40>
         â”” <Flask 'app'>
  File "/Users/mgalletti/coding/my-bass-tab-transcriber/.venv/lib/python3.12/site-packages/flask/app.py", line 902, in dispatch_request
    return self.ensure_sync(self.view_functions[rule.endpoint])(**view_args)  # type: ignore[no-any-return]
           â”‚    â”‚           â”‚    â”‚              â”‚    â”‚            â”” {}
           â”‚    â”‚           â”‚    â”‚              â”‚    â”” 'upload'
           â”‚    â”‚           â”‚    â”‚              â”” <Rule '/upload' (POST, HEAD, GET, OPTIONS) -> upload>
           â”‚    â”‚           â”‚    â”” {'static': <function Flask.__init__.<locals>.<lambda> at 0x10a414b80>, 'home': <function home at 0x10a4154e0>, 'upload': <fun...
           â”‚    â”‚           â”” <Flask 'app'>
           â”‚    â”” <function Flask.ensure_sync at 0x1060b7ec0>
           â”” <Flask 'app'>

> File "[32m/Users/mgalletti/coding/my-bass-tab-transcriber/my_bass_tab_transcriber/[0m[32m[1mapp.py[0m", line [33m39[0m, in [35mupload[0m
    [1maudio_file_service[0m[35m[1m.[0m[1mcheck_audio_loudness[0m[1m([0m[1m)[0m
    [36mâ”‚                  â”” [0m[36m[1m<function AudioFileService.check_audio_loudness at 0x10a414a40>[0m
    [36mâ”” [0m[36m[1m<services.audio_service.AudioFileService object at 0x108972db0>[0m

  File "[32m/Users/mgalletti/coding/my-bass-tab-transcriber/my_bass_tab_transcriber/services/[0m[32m[1maudio_service.py[0m", line [33m24[0m, in [35mcheck_audio_loudness[0m
    [1maudio[0m[1m,[0m [1m_[0m [35m[1m=[0m [1mlibrosa[0m[35m[1m.[0m[1mload[0m[1m([0m[1mself[0m[35m[1m.[0m[1maudio_file_path[0m[1m)[0m
    [36m           â”‚            â”‚    â”” [0m[36m[1m'my-bass-tab-transcriber-uploads/tive razao bass solo-bass.mp3'[0m
    [36m           â”‚            â”” [0m[36m[1m<services.audio_service.AudioFileService object at 0x108972db0>[0m
    [36m           â”” [0m[36m[1m<module 'librosa' from '/Users/mgalletti/coding/my-bass-tab-transcriber/.venv/lib/python3.12/site-packages/librosa/__init__.py'>[0m

  File "/Users/mgalletti/coding/my-bass-tab-transcriber/.venv/lib/python3.12/site-packages/librosa/core/audio.py", line 184, in load
    y, sr_native = __audioread_load(path, offset, duration, dtype)
                   â”‚                â”‚     â”‚       â”‚         â”” <class 'numpy.float32'>
                   â”‚                â”‚     â”‚       â”” None
                   â”‚                â”‚     â”” 0.0
                   â”‚                â”” 'my-bass-tab-transcriber-uploads/tive razao bass solo-bass.mp3'
                   â”” <function __audioread_load at 0x10c851260>
  File "/Users/mgalletti/coding/my-bass-tab-transcriber/.venv/lib/python3.12/site-packages/decorator.py", line 232, in fun
    return caller(func, *(extras + args), **kw)
           â”‚      â”‚       â”‚        â”‚        â”” {}
           â”‚      â”‚       â”‚        â”” ('my-bass-tab-transcriber-uploads/tive razao bass solo-bass.mp3', 0.0, None, <class 'numpy.float32'>)
           â”‚      â”‚       â”” ()
           â”‚      â”” <function __audioread_load at 0x10c851080>
           â”” <function deprecated.<locals>.__wrapper at 0x10c850fe0>
  File "/Users/mgalletti/coding/my-bass-tab-transcriber/.venv/lib/python3.12/site-packages/librosa/util/decorators.py", line 59, in __wrapper
    return func(*args, **kwargs)
           â”‚     â”‚       â”” {}
           â”‚     â”” ('my-bass-tab-transcriber-uploads/tive razao bass solo-bass.mp3', 0.0, None, <class 'numpy.float32'>)
           â”” <function __audioread_load at 0x10c851080>
  File "/Users/mgalletti/coding/my-bass-tab-transcriber/.venv/lib/python3.12/site-packages/librosa/core/audio.py", line 240, in __audioread_load
    reader = audioread.audio_open(path)
             â”‚         â”‚          â”” 'my-bass-tab-transcriber-uploads/tive razao bass solo-bass.mp3'
             â”‚         â”” <function audio_open at 0x10a4f3600>
             â”” <module 'audioread' from '/Users/mgalletti/coding/my-bass-tab-transcriber/.venv/lib/python3.12/site-packages/audioread/__init...
  File "/Users/mgalletti/coding/my-bass-tab-transcriber/.venv/lib/python3.12/site-packages/audioread/__init__.py", line 127, in audio_open
    return BackendClass(path)
           â”‚            â”” 'my-bass-tab-transcriber-uploads/tive razao bass solo-bass.mp3'
           â”” <class 'audioread.rawread.RawAudioFile'>
  File "/Users/mgalletti/coding/my-bass-tab-transcriber/.venv/lib/python3.12/site-packages/audioread/rawread.py", line 59, in __init__
    self._fh = open(filename, 'rb')
    â”‚               â”” 'my-bass-tab-transcriber-uploads/tive razao bass solo-bass.mp3'
    â”” <audioread.rawread.RawAudioFile object at 0x10d615eb0>

[31m[1mFileNotFoundError[0m:[1m [Errno 2] No such file or directory: 'my-bass-tab-transcriber-uploads/tive razao bass solo-bass.mp3'[0m
[32m2024-12-01 17:36:02.068[0m | [1mINFO    [0m | [36m__main__[0m:[36m<module>[0m:[36m52[0m - [1mStarting app...[0m
[32m2024-12-01 17:36:02.362[0m | [1mINFO    [0m | [36m__main__[0m:[36m<module>[0m:[36m52[0m - [1mStarting app...[0m
[32m2024-12-01 17:36:07.435[0m | [1mINFO    [0m | [36m__main__[0m:[36mupload[0m:[36m36[0m - [1mFile: tive razao bass solo-bass.mp3[0m
[32m2024-12-01 17:36:07.435[0m | [1mINFO    [0m | [36mservices.audio_service[0m:[36m__init__[0m:[36m12[0m - [1mValidating file 'mmy_bass_tab_transcriber/uploads/tive razao bass solo-bass.mp3'[0m
[32m2024-12-01 17:36:07.436[0m | [1mINFO    [0m | [36mservices.audio_service[0m:[36mcheck_audio_loudness[0m:[36m22[0m - [1mChecking loudness of file 'mmy_bass_tab_transcriber/uploads/tive razao bass solo-bass.mp3'.[0m
[32m2024-12-01 17:36:07.679[0m | [31m[1mERROR   [0m | [36m__main__[0m:[36mupload[0m:[36m44[0m - [31m[1mError processing file: [Errno 2] No such file or directory: 'mmy_bass_tab_transcriber/uploads/tive razao bass solo-bass.mp3'[0m
[33m[1mTraceback (most recent call last):[0m

  File "/Users/mgalletti/coding/my-bass-tab-transcriber/.venv/lib/python3.12/site-packages/librosa/core/audio.py", line 176, in load
    y, sr_native = __soundfile_load(path, offset, duration, dtype)
                   â”‚                â”‚     â”‚       â”‚         â”” <class 'numpy.float32'>
                   â”‚                â”‚     â”‚       â”” None
                   â”‚                â”‚     â”” 0.0
                   â”‚                â”” 'mmy_bass_tab_transcriber/uploads/tive razao bass solo-bass.mp3'
                   â”” <function __soundfile_load at 0x122350f40>
  File "/Users/mgalletti/coding/my-bass-tab-transcriber/.venv/lib/python3.12/site-packages/librosa/core/audio.py", line 209, in __soundfile_load
    context = sf.SoundFile(path)
              â”‚  â”‚         â”” 'mmy_bass_tab_transcriber/uploads/tive razao bass solo-bass.mp3'
              â”‚  â”” <class 'soundfile.SoundFile'>
              â”” <module 'soundfile' from '/Users/mgalletti/coding/my-bass-tab-transcriber/.venv/lib/python3.12/site-packages/soundfile.py'>
  File "/Users/mgalletti/coding/my-bass-tab-transcriber/.venv/lib/python3.12/site-packages/soundfile.py", line 658, in __init__
    self._file = self._open(file, mode_int, closefd)
    â”‚    â”‚       â”‚    â”‚     â”‚     â”‚         â”” True
    â”‚    â”‚       â”‚    â”‚     â”‚     â”” 16
    â”‚    â”‚       â”‚    â”‚     â”” 'mmy_bass_tab_transcriber/uploads/tive razao bass solo-bass.mp3'
    â”‚    â”‚       â”‚    â”” <function SoundFile._open at 0x11402d300>
    â”‚    â”‚       â”” SoundFile('mmy_bass_tab_transcriber/uploads/tive razao bass solo-bass.mp3', mode='r', samplerate=0, channels=0, format='FILE'...
    â”‚    â”” None
    â”” SoundFile('mmy_bass_tab_transcriber/uploads/tive razao bass solo-bass.mp3', mode='r', samplerate=0, channels=0, format='FILE'...
  File "/Users/mgalletti/coding/my-bass-tab-transcriber/.venv/lib/python3.12/site-packages/soundfile.py", line 1216, in _open
    raise LibsndfileError(err, prefix="Error opening {0!r}: ".format(self.name))
          â”‚               â”‚                                          â”‚    â”” <property object at 0x114026de0>
          â”‚               â”‚                                          â”” SoundFile('mmy_bass_tab_transcriber/uploads/tive razao bass solo-bass.mp3', mode='r', samplerate=0, channels=0, format='FILE'...
          â”‚               â”” 2
          â”” <class 'soundfile.LibsndfileError'>

[31m[1msoundfile.LibsndfileError[0m:[1m Error opening 'mmy_bass_tab_transcriber/uploads/tive razao bass solo-bass.mp3': System error.[0m


[1mDuring handling of the above exception, another exception occurred:[0m


[33m[1mTraceback (most recent call last):[0m

  File "/Library/Frameworks/Python.framework/Versions/3.12/lib/python3.12/threading.py", line 1032, in _bootstrap
    self._bootstrap_inner()
    â”‚    â”” <function Thread._bootstrap_inner at 0x104797ba0>
    â”” <Thread(Thread-2 (process_request_thread), started daemon 6133690368)>
  File "/Library/Frameworks/Python.framework/Versions/3.12/lib/python3.12/threading.py", line 1075, in _bootstrap_inner
    self.run()
    â”‚    â”” <function Thread.run at 0x104797880>
    â”” <Thread(Thread-2 (process_request_thread), started daemon 6133690368)>
  File "/Library/Frameworks/Python.framework/Versions/3.12/lib/python3.12/threading.py", line 1012, in run
    self._target(*self._args, **self._kwargs)
    â”‚    â”‚        â”‚    â”‚        â”‚    â”” {}
    â”‚    â”‚        â”‚    â”‚        â”” <Thread(Thread-2 (process_request_thread), started daemon 6133690368)>
    â”‚    â”‚        â”‚    â”” (<socket.socket fd=11, family=2, type=1, proto=0, laddr=('127.0.0.1', 5000), raddr=('127.0.0.1', 53733)>, ('127.0.0.1', 53733))
    â”‚    â”‚        â”” <Thread(Thread-2 (process_request_thread), started daemon 6133690368)>
    â”‚    â”” <bound method ThreadingMixIn.process_request_thread of <werkzeug.serving.ThreadedWSGIServer object at 0x105155eb0>>
    â”” <Thread(Thread-2 (process_request_thread), started daemon 6133690368)>
  File "/Library/Frameworks/Python.framework/Versions/3.12/lib/python3.12/socketserver.py", line 692, in process_request_thread
    self.finish_request(request, client_address)
    â”‚    â”‚              â”‚        â”” ('127.0.0.1', 53733)
    â”‚    â”‚              â”” <socket.socket fd=11, family=2, type=1, proto=0, laddr=('127.0.0.1', 5000), raddr=('127.0.0.1', 53733)>
    â”‚    â”” <function BaseServer.finish_request at 0x10518f1a0>
    â”” <werkzeug.serving.ThreadedWSGIServer object at 0x105155eb0>
  File "/Library/Frameworks/Python.framework/Versions/3.12/lib/python3.12/socketserver.py", line 362, in finish_request
    self.RequestHandlerClass(request, client_address, self)
    â”‚    â”‚                   â”‚        â”‚               â”” <werkzeug.serving.ThreadedWSGIServer object at 0x105155eb0>
    â”‚    â”‚                   â”‚        â”” ('127.0.0.1', 53733)
    â”‚    â”‚                   â”” <socket.socket fd=11, family=2, type=1, proto=0, laddr=('127.0.0.1', 5000), raddr=('127.0.0.1', 53733)>
    â”‚    â”” <class 'werkzeug.serving.WSGIRequestHandler'>
    â”” <werkzeug.serving.ThreadedWSGIServer object at 0x105155eb0>
  File "/Library/Frameworks/Python.framework/Versions/3.12/lib/python3.12/socketserver.py", line 761, in __init__
    self.handle()
    â”‚    â”” <function WSGIRequestHandler.handle at 0x105417740>
    â”” <werkzeug.serving.WSGIRequestHandler object at 0x113fb7e90>
  File "/Users/mgalletti/coding/my-bass-tab-transcriber/.venv/lib/python3.12/site-packages/werkzeug/serving.py", line 398, in handle
    super().handle()
  File "/Library/Frameworks/Python.framework/Versions/3.12/lib/python3.12/http/server.py", line 436, in handle
    self.handle_one_request()
    â”‚    â”” <function BaseHTTPRequestHandler.handle_one_request at 0x10530b7e0>
    â”” <werkzeug.serving.WSGIRequestHandler object at 0x113fb7e90>
  File "/Library/Frameworks/Python.framework/Versions/3.12/lib/python3.12/http/server.py", line 424, in handle_one_request
    method()
    â”” <bound method WSGIRequestHandler.run_wsgi of <werkzeug.serving.WSGIRequestHandler object at 0x113fb7e90>>
  File "/Users/mgalletti/coding/my-bass-tab-transcriber/.venv/lib/python3.12/site-packages/werkzeug/serving.py", line 370, in run_wsgi
    execute(self.server.app)
    â”‚       â”‚    â”‚      â”” <werkzeug.debug.DebuggedApplication object at 0x1122b5040>
    â”‚       â”‚    â”” <werkzeug.serving.ThreadedWSGIServer object at 0x105155eb0>
    â”‚       â”” <werkzeug.serving.WSGIRequestHandler object at 0x113fb7e90>
    â”” <function WSGIRequestHandler.run_wsgi.<locals>.execute at 0x113fe59e0>
  File "/Users/mgalletti/coding/my-bass-tab-transcriber/.venv/lib/python3.12/site-packages/werkzeug/serving.py", line 333, in execute
    for data in application_iter:
                â”” <generator object DebuggedApplication.debug_application at 0x113f0e3e0>
  File "/Users/mgalletti/coding/my-bass-tab-transcriber/.venv/lib/python3.12/site-packages/werkzeug/debug/__init__.py", line 343, in debug_application
    app_iter = self.app(environ, start_response)
               â”‚    â”‚   â”‚        â”” <function WSGIRequestHandler.run_wsgi.<locals>.start_response at 0x113fe5940>
               â”‚    â”‚   â”” {'wsgi.version': (1, 0), 'wsgi.url_scheme': 'http', 'wsgi.input': <_io.BufferedReader name=11>, 'wsgi.errors': <_io.TextIOWra...
               â”‚    â”” <Flask 'app'>
               â”” <werkzeug.debug.DebuggedApplication object at 0x1122b5040>
  File "/Users/mgalletti/coding/my-bass-tab-transcriber/.venv/lib/python3.12/site-packages/flask/app.py", line 1536, in __call__
    return self.wsgi_app(environ, start_response)
           â”‚    â”‚        â”‚        â”” <function WSGIRequestHandler.run_wsgi.<locals>.start_response at 0x113fe5940>
           â”‚    â”‚        â”” {'wsgi.version': (1, 0), 'wsgi.url_scheme': 'http', 'wsgi.input': <_io.BufferedReader name=11>, 'wsgi.errors': <_io.TextIOWra...
           â”‚    â”” <function Flask.wsgi_app at 0x1065705e0>
           â”” <Flask 'app'>
  File "/Users/mgalletti/coding/my-bass-tab-transcriber/.venv/lib/python3.12/site-packages/flask/app.py", line 1511, in wsgi_app
    response = self.full_dispatch_request()
               â”‚    â”” <function Flask.full_dispatch_request at 0x10655bce0>
               â”” <Flask 'app'>
  File "/Users/mgalletti/coding/my-bass-tab-transcriber/.venv/lib/python3.12/site-packages/flask/app.py", line 917, in full_dispatch_request
    rv = self.dispatch_request()
         â”‚    â”” <function Flask.dispatch_request at 0x10655bc40>
         â”” <Flask 'app'>
  File "/Users/mgalletti/coding/my-bass-tab-transcriber/.venv/lib/python3.12/site-packages/flask/app.py", line 902, in dispatch_request
    return self.ensure_sync(self.view_functions[rule.endpoint])(**view_args)  # type: ignore[no-any-return]
           â”‚    â”‚           â”‚    â”‚              â”‚    â”‚            â”” {}
           â”‚    â”‚           â”‚    â”‚              â”‚    â”” 'upload'
           â”‚    â”‚           â”‚    â”‚              â”” <Rule '/upload' (POST, GET, OPTIONS, HEAD) -> upload>
           â”‚    â”‚           â”‚    â”” {'static': <function Flask.__init__.<locals>.<lambda> at 0x113f50b80>, 'home': <function home at 0x113f514e0>, 'upload': <fun...
           â”‚    â”‚           â”” <Flask 'app'>
           â”‚    â”” <function Flask.ensure_sync at 0x10655bec0>
           â”” <Flask 'app'>

> File "[32m/Users/mgalletti/coding/my-bass-tab-transcriber/my_bass_tab_transcriber/[0m[32m[1mapp.py[0m", line [33m39[0m, in [35mupload[0m
    [1maudio_file_service[0m[35m[1m.[0m[1mcheck_audio_loudness[0m[1m([0m[1m)[0m
    [36mâ”‚                  â”” [0m[36m[1m<function AudioFileService.check_audio_loudness at 0x113f50a40>[0m
    [36mâ”” [0m[36m[1m<services.audio_service.AudioFileService object at 0x110f53cb0>[0m

  File "[32m/Users/mgalletti/coding/my-bass-tab-transcriber/my_bass_tab_transcriber/services/[0m[32m[1maudio_service.py[0m", line [33m24[0m, in [35mcheck_audio_loudness[0m
    [1maudio[0m[1m,[0m [1m_[0m [35m[1m=[0m [1mlibrosa[0m[35m[1m.[0m[1mload[0m[1m([0m[1mself[0m[35m[1m.[0m[1maudio_file_path[0m[1m)[0m
    [36m           â”‚            â”‚    â”” [0m[36m[1m'mmy_bass_tab_transcriber/uploads/tive razao bass solo-bass.mp3'[0m
    [36m           â”‚            â”” [0m[36m[1m<services.audio_service.AudioFileService object at 0x110f53cb0>[0m
    [36m           â”” [0m[36m[1m<module 'librosa' from '/Users/mgalletti/coding/my-bass-tab-transcriber/.venv/lib/python3.12/site-packages/librosa/__init__.py'>[0m

  File "/Users/mgalletti/coding/my-bass-tab-transcriber/.venv/lib/python3.12/site-packages/librosa/core/audio.py", line 184, in load
    y, sr_native = __audioread_load(path, offset, duration, dtype)
                   â”‚                â”‚     â”‚       â”‚         â”” <class 'numpy.float32'>
                   â”‚                â”‚     â”‚       â”” None
                   â”‚                â”‚     â”” 0.0
                   â”‚                â”” 'mmy_bass_tab_transcriber/uploads/tive razao bass solo-bass.mp3'
                   â”” <function __audioread_load at 0x122351260>
  File "/Users/mgalletti/coding/my-bass-tab-transcriber/.venv/lib/python3.12/site-packages/decorator.py", line 232, in fun
    return caller(func, *(extras + args), **kw)
           â”‚      â”‚       â”‚        â”‚        â”” {}
           â”‚      â”‚       â”‚        â”” ('mmy_bass_tab_transcriber/uploads/tive razao bass solo-bass.mp3', 0.0, None, <class 'numpy.float32'>)
           â”‚      â”‚       â”” ()
           â”‚      â”” <function __audioread_load at 0x122351080>
           â”” <function deprecated.<locals>.__wrapper at 0x122350fe0>
  File "/Users/mgalletti/coding/my-bass-tab-transcriber/.venv/lib/python3.12/site-packages/librosa/util/decorators.py", line 59, in __wrapper
    return func(*args, **kwargs)
           â”‚     â”‚       â”” {}
           â”‚     â”” ('mmy_bass_tab_transcriber/uploads/tive razao bass solo-bass.mp3', 0.0, None, <class 'numpy.float32'>)
           â”” <function __audioread_load at 0x122351080>
  File "/Users/mgalletti/coding/my-bass-tab-transcriber/.venv/lib/python3.12/site-packages/librosa/core/audio.py", line 240, in __audioread_load
    reader = audioread.audio_open(path)
             â”‚         â”‚          â”” 'mmy_bass_tab_transcriber/uploads/tive razao bass solo-bass.mp3'
             â”‚         â”” <function audio_open at 0x11402f600>
             â”” <module 'audioread' from '/Users/mgalletti/coding/my-bass-tab-transcriber/.venv/lib/python3.12/site-packages/audioread/__init...
  File "/Users/mgalletti/coding/my-bass-tab-transcriber/.venv/lib/python3.12/site-packages/audioread/__init__.py", line 127, in audio_open
    return BackendClass(path)
           â”‚            â”” 'mmy_bass_tab_transcriber/uploads/tive razao bass solo-bass.mp3'
           â”” <class 'audioread.rawread.RawAudioFile'>
  File "/Users/mgalletti/coding/my-bass-tab-transcriber/.venv/lib/python3.12/site-packages/audioread/rawread.py", line 59, in __init__
    self._fh = open(filename, 'rb')
    â”‚               â”” 'mmy_bass_tab_transcriber/uploads/tive razao bass solo-bass.mp3'
    â”” <audioread.rawread.RawAudioFile object at 0x123a2db80>

[31m[1mFileNotFoundError[0m:[1m [Errno 2] No such file or directory: 'mmy_bass_tab_transcriber/uploads/tive razao bass solo-bass.mp3'[0m
[32m2024-12-01 17:36:16.150[0m | [1mINFO    [0m | [36m__main__[0m:[36m<module>[0m:[36m52[0m - [1mStarting app...[0m
[32m2024-12-01 17:36:19.178[0m | [1mINFO    [0m | [36m__main__[0m:[36mupload[0m:[36m36[0m - [1mFile: tive razao bass solo-bass.mp3[0m
[32m2024-12-01 17:36:19.179[0m | [1mINFO    [0m | [36mservices.audio_service[0m:[36m__init__[0m:[36m12[0m - [1mValidating file 'my_bass_tab_transcriber/uploads/tive razao bass solo-bass.mp3'[0m
[32m2024-12-01 17:36:19.179[0m | [1mINFO    [0m | [36mservices.audio_service[0m:[36mcheck_audio_loudness[0m:[36m22[0m - [1mChecking loudness of file 'my_bass_tab_transcriber/uploads/tive razao bass solo-bass.mp3'.[0m
[32m2024-12-01 17:36:19.611[0m | [1mINFO    [0m | [36mservices.audio_service[0m:[36mcheck_audio_loudness[0m:[36m28[0m - [1mAverage RMS: 0.07489961385726929[0m
[32m2024-12-01 17:36:19.611[0m | [1mINFO    [0m | [36mservices.audio_service[0m:[36mcheck_audio_loudness[0m:[36m36[0m - [1mAudio file loudness within range[0m
[32m2024-12-01 17:36:19.611[0m | [1mINFO    [0m | [36mservices.audio_service[0m:[36msave_as_wav[0m:[36m18[0m - [1mConverting file 'my_bass_tab_transcriber/uploads/tive razao bass solo-bass.mp3' and saving it to 'my_bass_tab_transcriber/uploads/improved_audio_file_path_2024-12-01_17-36-19.wav.[0m
